<?xml version="1.0" encoding="UTF-8"?>
<!-- Generated by org.testng.reporters.JUnitReportReporter -->
<testsuite hostname="TXCHD-LAP-272" failures="0" tests="2" name="Test.testcaeseValidations" time="1.548" errors="0" timestamp="27 Jul 2022 13:39:14 GMT" skipped="0">
  <testcase classname="Test.testcaeseValidations" name="verifysortableClick" time="0.749"/>
  <testcase classname="Test.testcaeseValidations" name="verifysortabletab" time="0.799"/>
</testsuite> <!-- Test.testcaeseValidations -->
