<?xml version="1.0" encoding="UTF-8"?>
<!-- Generated by org.testng.reporters.JUnitReportReporter -->
<testsuite hostname="TXCHD-LAP-272" failures="0" tests="2" name="Test.Testcasesvalidations" time="1.219" errors="0" timestamp="27 Jul 2022 12:39:59 GMT" skipped="0">
  <testcase classname="Test.Testcasesvalidations" name="verifysorttabclick" time="0.791"/>
  <testcase classname="Test.Testcasesvalidations" name="verifySelectableTab" time="0.428"/>
</testsuite> <!-- Test.Testcasesvalidations -->
